<?xml version="1.0" encoding="UTF-8"?>
<!-- Generated by org.testng.reporters.JUnitReportReporter -->
<testsuite hostname="NZCLIENT26" failures="0" tests="1" name="JobPoolSearch" time="2.159" errors="0" timestamp="2022-07-01T22:40:26 TRT" skipped="0">
  <testcase classname="JobPoolSearch" name="Test" time="2.159"/>
  <system-out/>
</testsuite> <!-- JobPoolSearch -->
